<?xml version="1.0" encoding="UTF-8"?>
<testng-results ignored="0" total="4" passed="4" failed="0" skipped="0">
  <reporter-output>
  </reporter-output>
  <suite started-at="2022-07-09T18:21:19 IST" name="Default suite" finished-at="2022-07-09T18:21:25 IST" duration-ms="6436">
    <groups>
    </groups>
    <test started-at="2022-07-09T18:21:19 IST" name="Default test" finished-at="2022-07-09T18:21:25 IST" duration-ms="6436">
      <class name="com.sample.selenium4.NewSeleniumFeatures1">
        <test-method is-config="true" signature="setup()[pri:0, instance:com.sample.selenium4.NewSeleniumFeatures1@659499f1]" started-at="2022-07-09T18:21:14 IST" name="setup" finished-at="2022-07-09T18:21:19 IST" duration-ms="5072" status="PASS">
          <reporter-output>
          </reporter-output>
        </test-method> <!-- setup -->
        <test-method signature="seleniumScreenShot()[pri:1, instance:com.sample.selenium4.NewSeleniumFeatures1@659499f1]" started-at="2022-07-09T18:21:19 IST" name="seleniumScreenShot" finished-at="2022-07-09T18:21:19 IST" duration-ms="212" status="PASS">
          <reporter-output>
          </reporter-output>
        </test-method> <!-- seleniumScreenShot -->
        <test-method signature="newTab()[pri:2, instance:com.sample.selenium4.NewSeleniumFeatures1@659499f1]" started-at="2022-07-09T18:21:19 IST" name="newTab" finished-at="2022-07-09T18:21:22 IST" duration-ms="2678" status="PASS">
          <reporter-output>
          </reporter-output>
        </test-method> <!-- newTab -->
        <test-method signature="newWindow()[pri:3, instance:com.sample.selenium4.NewSeleniumFeatures1@659499f1]" started-at="2022-07-09T18:21:22 IST" name="newWindow" finished-at="2022-07-09T18:21:23 IST" duration-ms="1517" status="PASS">
          <reporter-output>
          </reporter-output>
        </test-method> <!-- newWindow -->
        <test-method signature="locationOfElement()[pri:4, instance:com.sample.selenium4.NewSeleniumFeatures1@659499f1]" started-at="2022-07-09T18:21:23 IST" name="locationOfElement" finished-at="2022-07-09T18:21:25 IST" duration-ms="1928" status="PASS">
          <reporter-output>
          </reporter-output>
        </test-method> <!-- locationOfElement -->
        <test-method is-config="true" signature="tearDown()[pri:0, instance:com.sample.selenium4.NewSeleniumFeatures1@659499f1]" started-at="2022-07-09T18:21:25 IST" name="tearDown" finished-at="2022-07-09T18:21:27 IST" duration-ms="1180" status="PASS">
          <reporter-output>
          </reporter-output>
        </test-method> <!-- tearDown -->
      </class> <!-- com.sample.selenium4.NewSeleniumFeatures1 -->
    </test> <!-- Default test -->
  </suite> <!-- Default suite -->
</testng-results>
