<?xml version="1.0" encoding="UTF-8"?>
<testng-results skipped="0" failed="0" ignored="0" total="4" passed="4">
  <reporter-output>
  </reporter-output>
  <suite name="Suite" duration-ms="15654" started-at="2020-04-19T12:56:53 IST" finished-at="2020-04-19T12:57:09 IST">
    <groups>
    </groups>
    <test name="Test" duration-ms="15654" started-at="2020-04-19T12:56:53 IST" finished-at="2020-04-19T12:57:09 IST">
      <class name="com.sample.selenium4.NewSeleniumFeatures">
        <test-method status="PASS" signature="setup()[pri:0, instance:com.sample.selenium4.NewSeleniumFeatures@3cb1ffe6]" name="setup" is-config="true" duration-ms="8582" started-at="2020-04-19T12:56:45 IST" finished-at="2020-04-19T12:56:53 IST">
          <reporter-output>
          </reporter-output>
        </test-method> <!-- setup -->
        <test-method status="PASS" signature="seleniumScreenShot()[pri:1, instance:com.sample.selenium4.NewSeleniumFeatures@3cb1ffe6]" name="seleniumScreenShot" duration-ms="401" started-at="2020-04-19T12:56:53 IST" finished-at="2020-04-19T12:56:54 IST">
          <reporter-output>
          </reporter-output>
        </test-method> <!-- seleniumScreenShot -->
        <test-method status="PASS" signature="newTab()[pri:2, instance:com.sample.selenium4.NewSeleniumFeatures@3cb1ffe6]" name="newTab" duration-ms="4863" started-at="2020-04-19T12:56:54 IST" finished-at="2020-04-19T12:56:59 IST">
          <reporter-output>
          </reporter-output>
        </test-method> <!-- newTab -->
        <test-method status="PASS" signature="newWindow()[pri:3, instance:com.sample.selenium4.NewSeleniumFeatures@3cb1ffe6]" name="newWindow" duration-ms="7787" started-at="2020-04-19T12:56:59 IST" finished-at="2020-04-19T12:57:07 IST">
          <reporter-output>
          </reporter-output>
        </test-method> <!-- newWindow -->
        <test-method status="PASS" signature="locationOfElement()[pri:4, instance:com.sample.selenium4.NewSeleniumFeatures@3cb1ffe6]" name="locationOfElement" duration-ms="2549" started-at="2020-04-19T12:57:07 IST" finished-at="2020-04-19T12:57:09 IST">
          <reporter-output>
          </reporter-output>
        </test-method> <!-- locationOfElement -->
        <test-method status="PASS" signature="tearDown()[pri:0, instance:com.sample.selenium4.NewSeleniumFeatures@3cb1ffe6]" name="tearDown" is-config="true" duration-ms="1302" started-at="2020-04-19T12:57:09 IST" finished-at="2020-04-19T12:57:10 IST">
          <reporter-output>
          </reporter-output>
        </test-method> <!-- tearDown -->
      </class> <!-- com.sample.selenium4.NewSeleniumFeatures -->
    </test> <!-- Test -->
  </suite> <!-- Suite -->
</testng-results>
