<?xml version="1.0" encoding="UTF-8"?>
<!-- Generated by org.testng.reporters.JUnitXMLReporter -->
<testsuite hostname="DESKTOP-K5LD16K" ignored="0" name="chrome test" tests="10" failures="0" timestamp="2020-04-18T14:23:35 IST" time="0.386" errors="0">
  <testcase name="test" time="0.048" classname="com.sample.Test1"/>
  <testcase name="test" time="0.05" classname="com.sample.Test1"/>
  <testcase name="test" time="0.046" classname="com.sample.Test1"/>
  <testcase name="test" time="0.052" classname="com.sample.Test1"/>
  <testcase name="test" time="0.048" classname="com.sample.Test1"/>
  <testcase name="test" time="0.047" classname="com.sample.Test1"/>
  <testcase name="test" time="0.046" classname="com.sample.Test1"/>
  <testcase name="test" time="0.06" classname="com.sample.Test1"/>
  <testcase name="test" time="0.117" classname="com.sample.Test1"/>
  <testcase name="test" time="0.117" classname="com.sample.Test1"/>
</testsuite> <!-- chrome test -->
