<?xml version="1.0" encoding="UTF-8"?>
<!-- Generated by org.testng.reporters.JUnitXMLReporter -->
<testsuite hostname="DESKTOP-K5LD16K" ignored="0" name="Test" tests="4" failures="0" timestamp="2020-04-19T14:21:23 IST" time="12.921" errors="0">
  <testcase name="seleniumScreenShot" time="0.385" classname="com.sample.selenium4.NewSeleniumFeatures"/>
  <testcase name="newTab" time="4.266" classname="com.sample.selenium4.NewSeleniumFeatures"/>
  <testcase name="newWindow" time="6.216" classname="com.sample.selenium4.NewSeleniumFeatures"/>
  <testcase name="locationOfElement" time="1.975" classname="com.sample.selenium4.NewSeleniumFeatures"/>
</testsuite> <!-- Test -->
