<?xml version="1.0" encoding="UTF-8"?>
<!-- Generated by org.testng.reporters.JUnitXMLReporter -->
<testsuite ignored="0" hostname="JOSH-SWAPNILK" failures="0" tests="4" name="Default test" time="6.436" errors="0" timestamp="2022-07-09T18:21:25 IST">
  <testcase classname="com.sample.selenium4.NewSeleniumFeatures1" name="seleniumScreenShot" time="0.212"/>
  <testcase classname="com.sample.selenium4.NewSeleniumFeatures1" name="newTab" time="2.678"/>
  <testcase classname="com.sample.selenium4.NewSeleniumFeatures1" name="newWindow" time="1.517"/>
  <testcase classname="com.sample.selenium4.NewSeleniumFeatures1" name="locationOfElement" time="1.928"/>
</testsuite> <!-- Default test -->
